==180428== Memcheck, a memory error detector
==180428== Copyright (C) 2002-2017, and GNU GPL'd, by Julian Seward et al.
==180428== Using Valgrind-3.18.1 and LibVEX; rerun with -h for copyright info
==180428== Command: ./minishell
==180428== Parent PID: 180394
==180428== 
==180428== Invalid read of size 1
==180428==    at 0x484ED16: strlen (in /usr/libexec/valgrind/vgpreload_memcheck-amd64-linux.so)
==180428==    by 0x493ED30: __vfprintf_internal (vfprintf-internal.c:1517)
==180428==    by 0x492879E: printf (printf.c:33)
==180428==    by 0x109732: print_minishell (minishell_utils.c:60)
==180428==    by 0x109515: main (minishell.c:29)
==180428==  Address 0x4ba4ea5 is 5 bytes inside a block of size 14 free'd
==180428==    at 0x484B27F: free (in /usr/libexec/valgrind/vgpreload_memcheck-amd64-linux.so)
==180428==    by 0x10DCCE: free_matrix (in /sgoinfre/students/frmarian/minishell/minishell)
==180428==    by 0x10E073: matrix_substract (in /sgoinfre/students/frmarian/minishell/minishell)
==180428==    by 0x10B89E: ft_unset (unset.c:33)
==180428==    by 0x10A132: exec_built_in (exec.c:110)
==180428==    by 0x109DB4: execute (exec.c:23)
==180428==    by 0x109509: main (minishell.c:28)
==180428==  Block was alloc'd at
==180428==    at 0x4848899: malloc (in /usr/libexec/valgrind/vgpreload_memcheck-amd64-linux.so)
==180428==    by 0x10CF5B: ft_strdup (in /sgoinfre/students/frmarian/minishell/minishell)
==180428==    by 0x10DE8D: matrix_cpy (in /sgoinfre/students/frmarian/minishell/minishell)
==180428==    by 0x109A98: set_last_envp (update_minishell.c:37)
==180428==    by 0x109B81: update_minishell (update_minishell.c:62)
==180428==    by 0x109556: init_minishell (minishell_utils.c:17)
==180428==    by 0x1094E5: main (minishell.c:25)
==180428== 
==180428== Invalid read of size 1
==180428==    at 0x484ED24: strlen (in /usr/libexec/valgrind/vgpreload_memcheck-amd64-linux.so)
==180428==    by 0x493ED30: __vfprintf_internal (vfprintf-internal.c:1517)
==180428==    by 0x492879E: printf (printf.c:33)
==180428==    by 0x109732: print_minishell (minishell_utils.c:60)
==180428==    by 0x109515: main (minishell.c:29)
==180428==  Address 0x4ba4ea6 is 6 bytes inside a block of size 14 free'd
==180428==    at 0x484B27F: free (in /usr/libexec/valgrind/vgpreload_memcheck-amd64-linux.so)
==180428==    by 0x10DCCE: free_matrix (in /sgoinfre/students/frmarian/minishell/minishell)
==180428==    by 0x10E073: matrix_substract (in /sgoinfre/students/frmarian/minishell/minishell)
==180428==    by 0x10B89E: ft_unset (unset.c:33)
==180428==    by 0x10A132: exec_built_in (exec.c:110)
==180428==    by 0x109DB4: execute (exec.c:23)
==180428==    by 0x109509: main (minishell.c:28)
==180428==  Block was alloc'd at
==180428==    at 0x4848899: malloc (in /usr/libexec/valgrind/vgpreload_memcheck-amd64-linux.so)
==180428==    by 0x10CF5B: ft_strdup (in /sgoinfre/students/frmarian/minishell/minishell)
==180428==    by 0x10DE8D: matrix_cpy (in /sgoinfre/students/frmarian/minishell/minishell)
==180428==    by 0x109A98: set_last_envp (update_minishell.c:37)
==180428==    by 0x109B81: update_minishell (update_minishell.c:62)
==180428==    by 0x109556: init_minishell (minishell_utils.c:17)
==180428==    by 0x1094E5: main (minishell.c:25)
==180428== 
==180428== Invalid read of size 1
==180428==    at 0x4953734: _IO_new_file_xsputn (fileops.c:1218)
==180428==    by 0x4953734: _IO_file_xsputn@@GLIBC_2.2.5 (fileops.c:1196)
==180428==    by 0x493F00B: outstring_func (vfprintf-internal.c:239)
==180428==    by 0x493F00B: __vfprintf_internal (vfprintf-internal.c:1517)
==180428==    by 0x492879E: printf (printf.c:33)
==180428==    by 0x109732: print_minishell (minishell_utils.c:60)
==180428==    by 0x109515: main (minishell.c:29)
==180428==  Address 0x4ba4eac is 12 bytes inside a block of size 14 free'd
==180428==    at 0x484B27F: free (in /usr/libexec/valgrind/vgpreload_memcheck-amd64-linux.so)
==180428==    by 0x10DCCE: free_matrix (in /sgoinfre/students/frmarian/minishell/minishell)
==180428==    by 0x10E073: matrix_substract (in /sgoinfre/students/frmarian/minishell/minishell)
==180428==    by 0x10B89E: ft_unset (unset.c:33)
==180428==    by 0x10A132: exec_built_in (exec.c:110)
==180428==    by 0x109DB4: execute (exec.c:23)
==180428==    by 0x109509: main (minishell.c:28)
==180428==  Block was alloc'd at
==180428==    at 0x4848899: malloc (in /usr/libexec/valgrind/vgpreload_memcheck-amd64-linux.so)
==180428==    by 0x10CF5B: ft_strdup (in /sgoinfre/students/frmarian/minishell/minishell)
==180428==    by 0x10DE8D: matrix_cpy (in /sgoinfre/students/frmarian/minishell/minishell)
==180428==    by 0x109A98: set_last_envp (update_minishell.c:37)
==180428==    by 0x109B81: update_minishell (update_minishell.c:62)
==180428==    by 0x109556: init_minishell (minishell_utils.c:17)
==180428==    by 0x1094E5: main (minishell.c:25)
==180428== 
==180428== Invalid read of size 1
==180428==    at 0x48534F0: mempcpy (in /usr/libexec/valgrind/vgpreload_memcheck-amd64-linux.so)
==180428==    by 0x4953664: _IO_new_file_xsputn (fileops.c:1235)
==180428==    by 0x4953664: _IO_file_xsputn@@GLIBC_2.2.5 (fileops.c:1196)
==180428==    by 0x493F00B: outstring_func (vfprintf-internal.c:239)
==180428==    by 0x493F00B: __vfprintf_internal (vfprintf-internal.c:1517)
==180428==    by 0x492879E: printf (printf.c:33)
==180428==    by 0x109732: print_minishell (minishell_utils.c:60)
==180428==    by 0x109515: main (minishell.c:29)
==180428==  Address 0x4ba4ea5 is 5 bytes inside a block of size 14 free'd
==180428==    at 0x484B27F: free (in /usr/libexec/valgrind/vgpreload_memcheck-amd64-linux.so)
==180428==    by 0x10DCCE: free_matrix (in /sgoinfre/students/frmarian/minishell/minishell)
==180428==    by 0x10E073: matrix_substract (in /sgoinfre/students/frmarian/minishell/minishell)
==180428==    by 0x10B89E: ft_unset (unset.c:33)
==180428==    by 0x10A132: exec_built_in (exec.c:110)
==180428==    by 0x109DB4: execute (exec.c:23)
==180428==    by 0x109509: main (minishell.c:28)
==180428==  Block was alloc'd at
==180428==    at 0x4848899: malloc (in /usr/libexec/valgrind/vgpreload_memcheck-amd64-linux.so)
==180428==    by 0x10CF5B: ft_strdup (in /sgoinfre/students/frmarian/minishell/minishell)
==180428==    by 0x10DE8D: matrix_cpy (in /sgoinfre/students/frmarian/minishell/minishell)
==180428==    by 0x109A98: set_last_envp (update_minishell.c:37)
==180428==    by 0x109B81: update_minishell (update_minishell.c:62)
==180428==    by 0x109556: init_minishell (minishell_utils.c:17)
==180428==    by 0x1094E5: main (minishell.c:25)
==180428== 
==180428== Invalid read of size 1
==180428==    at 0x48534FE: mempcpy (in /usr/libexec/valgrind/vgpreload_memcheck-amd64-linux.so)
==180428==    by 0x4953664: _IO_new_file_xsputn (fileops.c:1235)
==180428==    by 0x4953664: _IO_file_xsputn@@GLIBC_2.2.5 (fileops.c:1196)
==180428==    by 0x493F00B: outstring_func (vfprintf-internal.c:239)
==180428==    by 0x493F00B: __vfprintf_internal (vfprintf-internal.c:1517)
==180428==    by 0x492879E: printf (printf.c:33)
==180428==    by 0x109732: print_minishell (minishell_utils.c:60)
==180428==    by 0x109515: main (minishell.c:29)
==180428==  Address 0x4ba4ea7 is 7 bytes inside a block of size 14 free'd
==180428==    at 0x484B27F: free (in /usr/libexec/valgrind/vgpreload_memcheck-amd64-linux.so)
==180428==    by 0x10DCCE: free_matrix (in /sgoinfre/students/frmarian/minishell/minishell)
==180428==    by 0x10E073: matrix_substract (in /sgoinfre/students/frmarian/minishell/minishell)
==180428==    by 0x10B89E: ft_unset (unset.c:33)
==180428==    by 0x10A132: exec_built_in (exec.c:110)
==180428==    by 0x109DB4: execute (exec.c:23)
==180428==    by 0x109509: main (minishell.c:28)
==180428==  Block was alloc'd at
==180428==    at 0x4848899: malloc (in /usr/libexec/valgrind/vgpreload_memcheck-amd64-linux.so)
==180428==    by 0x10CF5B: ft_strdup (in /sgoinfre/students/frmarian/minishell/minishell)
==180428==    by 0x10DE8D: matrix_cpy (in /sgoinfre/students/frmarian/minishell/minishell)
==180428==    by 0x109A98: set_last_envp (update_minishell.c:37)
==180428==    by 0x109B81: update_minishell (update_minishell.c:62)
==180428==    by 0x109556: init_minishell (minishell_utils.c:17)
==180428==    by 0x1094E5: main (minishell.c:25)
==180428== 
==180428== Syscall param access(pathname) points to unaddressable byte(s)
==180428==    at 0x49DC94B: access (access.c:27)
==180428==    by 0x10AEB6: valid_arg (cd.c:46)
==180428==    by 0x10AF3B: ft_cd (cd.c:76)
==180428==    by 0x10A0E1: exec_built_in (exec.c:104)
==180428==    by 0x109DB4: execute (exec.c:23)
==180428==    by 0x109509: main (minishell.c:28)
==180428==  Address 0x0 is not stack'd, malloc'd or (recently) free'd
==180428== 
==180428== 
==180428== HEAP SUMMARY:
==180428==     in use at exit: 214,194 bytes in 370 blocks
==180428==   total heap usage: 4,636 allocs, 4,266 frees, 479,529 bytes allocated
==180428== 
==180428== 2 bytes in 1 blocks are definitely lost in loss record 1 of 69
==180428==    at 0x4848899: malloc (in /usr/libexec/valgrind/vgpreload_memcheck-amd64-linux.so)
==180428==    by 0x10CF5B: ft_strdup (in /sgoinfre/students/frmarian/minishell/minishell)
==180428==    by 0x10AE6A: valid_arg (cd.c:40)
==180428==    by 0x10AF3B: ft_cd (cd.c:76)
==180428==    by 0x10A0E1: exec_built_in (exec.c:104)
==180428==    by 0x109DB4: execute (exec.c:23)
==180428==    by 0x109509: main (minishell.c:28)
==180428== 
==180428== LEAK SUMMARY:
==180428==    definitely lost: 2 bytes in 1 blocks
==180428==    indirectly lost: 0 bytes in 0 blocks
==180428==      possibly lost: 0 bytes in 0 blocks
==180428==    still reachable: 214,192 bytes in 369 blocks
==180428==         suppressed: 0 bytes in 0 blocks
==180428== Reachable blocks (those to which a pointer was found) are not shown.
==180428== To see them, rerun with: --leak-check=full --show-leak-kinds=all
==180428== 
==180428== For lists of detected and suppressed errors, rerun with: -s
==180428== ERROR SUMMARY: 27 errors from 7 contexts (suppressed: 0 from 0)
