==180401== Memcheck, a memory error detector
==180401== Copyright (C) 2002-2017, and GNU GPL'd, by Julian Seward et al.
==180401== Using Valgrind-3.18.1 and LibVEX; rerun with -h for copyright info
==180401== Command: ./minishell
==180401== Parent PID: 180394
==180401== 
==180401== 
==180401== HEAP SUMMARY:
==180401==     in use at exit: 215,266 bytes in 403 blocks
==180401==   total heap usage: 8,051 allocs, 7,648 frees, 662,693 bytes allocated
==180401== 
==180401== LEAK SUMMARY:
==180401==    definitely lost: 0 bytes in 0 blocks
==180401==    indirectly lost: 0 bytes in 0 blocks
==180401==      possibly lost: 0 bytes in 0 blocks
==180401==    still reachable: 215,266 bytes in 403 blocks
==180401==         suppressed: 0 bytes in 0 blocks
==180401== Reachable blocks (those to which a pointer was found) are not shown.
==180401== To see them, rerun with: --leak-check=full --show-leak-kinds=all
==180401== 
==180401== For lists of detected and suppressed errors, rerun with: -s
==180401== ERROR SUMMARY: 0 errors from 0 contexts (suppressed: 0 from 0)
