==180411== Memcheck, a memory error detector
==180411== Copyright (C) 2002-2017, and GNU GPL'd, by Julian Seward et al.
==180411== Using Valgrind-3.18.1 and LibVEX; rerun with -h for copyright info
==180411== Command: ./minishell
==180411== Parent PID: 180394
==180411== 
==180411== Invalid read of size 1
==180411==    at 0x484ED16: strlen (in /usr/libexec/valgrind/vgpreload_memcheck-amd64-linux.so)
==180411==    by 0x493ED30: __vfprintf_internal (vfprintf-internal.c:1517)
==180411==    by 0x492879E: printf (printf.c:33)
==180411==    by 0x109732: print_minishell (minishell_utils.c:60)
==180411==    by 0x109515: main (minishell.c:29)
==180411==  Address 0x4b25485 is 5 bytes inside a block of size 14 free'd
==180411==    at 0x484B27F: free (in /usr/libexec/valgrind/vgpreload_memcheck-amd64-linux.so)
==180411==    by 0x10DCCE: free_matrix (in /sgoinfre/students/frmarian/minishell/minishell)
==180411==    by 0x10DDF4: matrix_append (in /sgoinfre/students/frmarian/minishell/minishell)
==180411==    by 0x10B651: process_export_var (export.c:82)
==180411==    by 0x10B755: ft_export (export.c:109)
==180411==    by 0x10A118: exec_built_in (exec.c:108)
==180411==    by 0x109DB4: execute (exec.c:23)
==180411==    by 0x109509: main (minishell.c:28)
==180411==  Block was alloc'd at
==180411==    at 0x4848899: malloc (in /usr/libexec/valgrind/vgpreload_memcheck-amd64-linux.so)
==180411==    by 0x10CF5B: ft_strdup (in /sgoinfre/students/frmarian/minishell/minishell)
==180411==    by 0x10DE8D: matrix_cpy (in /sgoinfre/students/frmarian/minishell/minishell)
==180411==    by 0x109AC1: set_last_envp (update_minishell.c:41)
==180411==    by 0x109B81: update_minishell (update_minishell.c:62)
==180411==    by 0x109556: init_minishell (minishell_utils.c:17)
==180411==    by 0x1094E5: main (minishell.c:25)
==180411== 
==180411== Invalid read of size 1
==180411==    at 0x484ED24: strlen (in /usr/libexec/valgrind/vgpreload_memcheck-amd64-linux.so)
==180411==    by 0x493ED30: __vfprintf_internal (vfprintf-internal.c:1517)
==180411==    by 0x492879E: printf (printf.c:33)
==180411==    by 0x109732: print_minishell (minishell_utils.c:60)
==180411==    by 0x109515: main (minishell.c:29)
==180411==  Address 0x4b25486 is 6 bytes inside a block of size 14 free'd
==180411==    at 0x484B27F: free (in /usr/libexec/valgrind/vgpreload_memcheck-amd64-linux.so)
==180411==    by 0x10DCCE: free_matrix (in /sgoinfre/students/frmarian/minishell/minishell)
==180411==    by 0x10DDF4: matrix_append (in /sgoinfre/students/frmarian/minishell/minishell)
==180411==    by 0x10B651: process_export_var (export.c:82)
==180411==    by 0x10B755: ft_export (export.c:109)
==180411==    by 0x10A118: exec_built_in (exec.c:108)
==180411==    by 0x109DB4: execute (exec.c:23)
==180411==    by 0x109509: main (minishell.c:28)
==180411==  Block was alloc'd at
==180411==    at 0x4848899: malloc (in /usr/libexec/valgrind/vgpreload_memcheck-amd64-linux.so)
==180411==    by 0x10CF5B: ft_strdup (in /sgoinfre/students/frmarian/minishell/minishell)
==180411==    by 0x10DE8D: matrix_cpy (in /sgoinfre/students/frmarian/minishell/minishell)
==180411==    by 0x109AC1: set_last_envp (update_minishell.c:41)
==180411==    by 0x109B81: update_minishell (update_minishell.c:62)
==180411==    by 0x109556: init_minishell (minishell_utils.c:17)
==180411==    by 0x1094E5: main (minishell.c:25)
==180411== 
==180411== Invalid read of size 1
==180411==    at 0x4953734: _IO_new_file_xsputn (fileops.c:1218)
==180411==    by 0x4953734: _IO_file_xsputn@@GLIBC_2.2.5 (fileops.c:1196)
==180411==    by 0x493F00B: outstring_func (vfprintf-internal.c:239)
==180411==    by 0x493F00B: __vfprintf_internal (vfprintf-internal.c:1517)
==180411==    by 0x492879E: printf (printf.c:33)
==180411==    by 0x109732: print_minishell (minishell_utils.c:60)
==180411==    by 0x109515: main (minishell.c:29)
==180411==  Address 0x4b2548c is 12 bytes inside a block of size 14 free'd
==180411==    at 0x484B27F: free (in /usr/libexec/valgrind/vgpreload_memcheck-amd64-linux.so)
==180411==    by 0x10DCCE: free_matrix (in /sgoinfre/students/frmarian/minishell/minishell)
==180411==    by 0x10DDF4: matrix_append (in /sgoinfre/students/frmarian/minishell/minishell)
==180411==    by 0x10B651: process_export_var (export.c:82)
==180411==    by 0x10B755: ft_export (export.c:109)
==180411==    by 0x10A118: exec_built_in (exec.c:108)
==180411==    by 0x109DB4: execute (exec.c:23)
==180411==    by 0x109509: main (minishell.c:28)
==180411==  Block was alloc'd at
==180411==    at 0x4848899: malloc (in /usr/libexec/valgrind/vgpreload_memcheck-amd64-linux.so)
==180411==    by 0x10CF5B: ft_strdup (in /sgoinfre/students/frmarian/minishell/minishell)
==180411==    by 0x10DE8D: matrix_cpy (in /sgoinfre/students/frmarian/minishell/minishell)
==180411==    by 0x109AC1: set_last_envp (update_minishell.c:41)
==180411==    by 0x109B81: update_minishell (update_minishell.c:62)
==180411==    by 0x109556: init_minishell (minishell_utils.c:17)
==180411==    by 0x1094E5: main (minishell.c:25)
==180411== 
==180411== Invalid read of size 1
==180411==    at 0x48534C8: mempcpy (in /usr/libexec/valgrind/vgpreload_memcheck-amd64-linux.so)
==180411==    by 0x4953664: _IO_new_file_xsputn (fileops.c:1235)
==180411==    by 0x4953664: _IO_file_xsputn@@GLIBC_2.2.5 (fileops.c:1196)
==180411==    by 0x493F00B: outstring_func (vfprintf-internal.c:239)
==180411==    by 0x493F00B: __vfprintf_internal (vfprintf-internal.c:1517)
==180411==    by 0x492879E: printf (printf.c:33)
==180411==    by 0x109732: print_minishell (minishell_utils.c:60)
==180411==    by 0x109515: main (minishell.c:29)
==180411==  Address 0x4b2548c is 12 bytes inside a block of size 14 free'd
==180411==    at 0x484B27F: free (in /usr/libexec/valgrind/vgpreload_memcheck-amd64-linux.so)
==180411==    by 0x10DCCE: free_matrix (in /sgoinfre/students/frmarian/minishell/minishell)
==180411==    by 0x10DDF4: matrix_append (in /sgoinfre/students/frmarian/minishell/minishell)
==180411==    by 0x10B651: process_export_var (export.c:82)
==180411==    by 0x10B755: ft_export (export.c:109)
==180411==    by 0x10A118: exec_built_in (exec.c:108)
==180411==    by 0x109DB4: execute (exec.c:23)
==180411==    by 0x109509: main (minishell.c:28)
==180411==  Block was alloc'd at
==180411==    at 0x4848899: malloc (in /usr/libexec/valgrind/vgpreload_memcheck-amd64-linux.so)
==180411==    by 0x10CF5B: ft_strdup (in /sgoinfre/students/frmarian/minishell/minishell)
==180411==    by 0x10DE8D: matrix_cpy (in /sgoinfre/students/frmarian/minishell/minishell)
==180411==    by 0x109AC1: set_last_envp (update_minishell.c:41)
==180411==    by 0x109B81: update_minishell (update_minishell.c:62)
==180411==    by 0x109556: init_minishell (minishell_utils.c:17)
==180411==    by 0x1094E5: main (minishell.c:25)
==180411== 
==180411== Invalid read of size 1
==180411==    at 0x48534D6: mempcpy (in /usr/libexec/valgrind/vgpreload_memcheck-amd64-linux.so)
==180411==    by 0x4953664: _IO_new_file_xsputn (fileops.c:1235)
==180411==    by 0x4953664: _IO_file_xsputn@@GLIBC_2.2.5 (fileops.c:1196)
==180411==    by 0x493F00B: outstring_func (vfprintf-internal.c:239)
==180411==    by 0x493F00B: __vfprintf_internal (vfprintf-internal.c:1517)
==180411==    by 0x492879E: printf (printf.c:33)
==180411==    by 0x109732: print_minishell (minishell_utils.c:60)
==180411==    by 0x109515: main (minishell.c:29)
==180411==  Address 0x4b2548a is 10 bytes inside a block of size 14 free'd
==180411==    at 0x484B27F: free (in /usr/libexec/valgrind/vgpreload_memcheck-amd64-linux.so)
==180411==    by 0x10DCCE: free_matrix (in /sgoinfre/students/frmarian/minishell/minishell)
==180411==    by 0x10DDF4: matrix_append (in /sgoinfre/students/frmarian/minishell/minishell)
==180411==    by 0x10B651: process_export_var (export.c:82)
==180411==    by 0x10B755: ft_export (export.c:109)
==180411==    by 0x10A118: exec_built_in (exec.c:108)
==180411==    by 0x109DB4: execute (exec.c:23)
==180411==    by 0x109509: main (minishell.c:28)
==180411==  Block was alloc'd at
==180411==    at 0x4848899: malloc (in /usr/libexec/valgrind/vgpreload_memcheck-amd64-linux.so)
==180411==    by 0x10CF5B: ft_strdup (in /sgoinfre/students/frmarian/minishell/minishell)
==180411==    by 0x10DE8D: matrix_cpy (in /sgoinfre/students/frmarian/minishell/minishell)
==180411==    by 0x109AC1: set_last_envp (update_minishell.c:41)
==180411==    by 0x109B81: update_minishell (update_minishell.c:62)
==180411==    by 0x109556: init_minishell (minishell_utils.c:17)
==180411==    by 0x1094E5: main (minishell.c:25)
==180411== 
==180411== Invalid read of size 1
==180411==    at 0x48534F0: mempcpy (in /usr/libexec/valgrind/vgpreload_memcheck-amd64-linux.so)
==180411==    by 0x4953664: _IO_new_file_xsputn (fileops.c:1235)
==180411==    by 0x4953664: _IO_file_xsputn@@GLIBC_2.2.5 (fileops.c:1196)
==180411==    by 0x493F00B: outstring_func (vfprintf-internal.c:239)
==180411==    by 0x493F00B: __vfprintf_internal (vfprintf-internal.c:1517)
==180411==    by 0x492879E: printf (printf.c:33)
==180411==    by 0x109732: print_minishell (minishell_utils.c:60)
==180411==    by 0x109515: main (minishell.c:29)
==180411==  Address 0x4b73da5 is 5 bytes inside a block of size 14 free'd
==180411==    at 0x484B27F: free (in /usr/libexec/valgrind/vgpreload_memcheck-amd64-linux.so)
==180411==    by 0x10DCCE: free_matrix (in /sgoinfre/students/frmarian/minishell/minishell)
==180411==    by 0x10DDF4: matrix_append (in /sgoinfre/students/frmarian/minishell/minishell)
==180411==    by 0x10B651: process_export_var (export.c:82)
==180411==    by 0x10B755: ft_export (export.c:109)
==180411==    by 0x10A118: exec_built_in (exec.c:108)
==180411==    by 0x109DB4: execute (exec.c:23)
==180411==    by 0x109509: main (minishell.c:28)
==180411==  Block was alloc'd at
==180411==    at 0x4848899: malloc (in /usr/libexec/valgrind/vgpreload_memcheck-amd64-linux.so)
==180411==    by 0x10CF5B: ft_strdup (in /sgoinfre/students/frmarian/minishell/minishell)
==180411==    by 0x10DE8D: matrix_cpy (in /sgoinfre/students/frmarian/minishell/minishell)
==180411==    by 0x109A98: set_last_envp (update_minishell.c:37)
==180411==    by 0x109B81: update_minishell (update_minishell.c:62)
==180411==    by 0x109556: init_minishell (minishell_utils.c:17)
==180411==    by 0x1094E5: main (minishell.c:25)
==180411== 
==180411== Invalid read of size 1
==180411==    at 0x48534FE: mempcpy (in /usr/libexec/valgrind/vgpreload_memcheck-amd64-linux.so)
==180411==    by 0x4953664: _IO_new_file_xsputn (fileops.c:1235)
==180411==    by 0x4953664: _IO_file_xsputn@@GLIBC_2.2.5 (fileops.c:1196)
==180411==    by 0x493F00B: outstring_func (vfprintf-internal.c:239)
==180411==    by 0x493F00B: __vfprintf_internal (vfprintf-internal.c:1517)
==180411==    by 0x492879E: printf (printf.c:33)
==180411==    by 0x109732: print_minishell (minishell_utils.c:60)
==180411==    by 0x109515: main (minishell.c:29)
==180411==  Address 0x4b73da7 is 7 bytes inside a block of size 14 free'd
==180411==    at 0x484B27F: free (in /usr/libexec/valgrind/vgpreload_memcheck-amd64-linux.so)
==180411==    by 0x10DCCE: free_matrix (in /sgoinfre/students/frmarian/minishell/minishell)
==180411==    by 0x10DDF4: matrix_append (in /sgoinfre/students/frmarian/minishell/minishell)
==180411==    by 0x10B651: process_export_var (export.c:82)
==180411==    by 0x10B755: ft_export (export.c:109)
==180411==    by 0x10A118: exec_built_in (exec.c:108)
==180411==    by 0x109DB4: execute (exec.c:23)
==180411==    by 0x109509: main (minishell.c:28)
==180411==  Block was alloc'd at
==180411==    at 0x4848899: malloc (in /usr/libexec/valgrind/vgpreload_memcheck-amd64-linux.so)
==180411==    by 0x10CF5B: ft_strdup (in /sgoinfre/students/frmarian/minishell/minishell)
==180411==    by 0x10DE8D: matrix_cpy (in /sgoinfre/students/frmarian/minishell/minishell)
==180411==    by 0x109A98: set_last_envp (update_minishell.c:37)
==180411==    by 0x109B81: update_minishell (update_minishell.c:62)
==180411==    by 0x109556: init_minishell (minishell_utils.c:17)
==180411==    by 0x1094E5: main (minishell.c:25)
==180411== 
==180411== 
==180411== HEAP SUMMARY:
==180411==     in use at exit: 214,879 bytes in 397 blocks
==180411==   total heap usage: 7,466 allocs, 7,069 frees, 628,062 bytes allocated
==180411== 
==180411== LEAK SUMMARY:
==180411==    definitely lost: 0 bytes in 0 blocks
==180411==    indirectly lost: 0 bytes in 0 blocks
==180411==      possibly lost: 0 bytes in 0 blocks
==180411==    still reachable: 214,879 bytes in 397 blocks
==180411==         suppressed: 0 bytes in 0 blocks
==180411== Reachable blocks (those to which a pointer was found) are not shown.
==180411== To see them, rerun with: --leak-check=full --show-leak-kinds=all
==180411== 
==180411== For lists of detected and suppressed errors, rerun with: -s
==180411== ERROR SUMMARY: 150 errors from 7 contexts (suppressed: 0 from 0)
