==180457== Memcheck, a memory error detector
==180457== Copyright (C) 2002-2017, and GNU GPL'd, by Julian Seward et al.
==180457== Using Valgrind-3.18.1 and LibVEX; rerun with -h for copyright info
==180457== Command: ./minishell
==180457== Parent PID: 180394
==180457== 
==180457== 
==180457== HEAP SUMMARY:
==180457==     in use at exit: 213,737 bytes in 337 blocks
==180457==   total heap usage: 1,483 allocs, 1,146 frees, 311,106 bytes allocated
==180457== 
==180457== LEAK SUMMARY:
==180457==    definitely lost: 0 bytes in 0 blocks
==180457==    indirectly lost: 0 bytes in 0 blocks
==180457==      possibly lost: 0 bytes in 0 blocks
==180457==    still reachable: 213,737 bytes in 337 blocks
==180457==         suppressed: 0 bytes in 0 blocks
==180457== Reachable blocks (those to which a pointer was found) are not shown.
==180457== To see them, rerun with: --leak-check=full --show-leak-kinds=all
==180457== 
==180457== For lists of detected and suppressed errors, rerun with: -s
==180457== ERROR SUMMARY: 0 errors from 0 contexts (suppressed: 0 from 0)
